{"contracts/practice/Counter.sol":{"l":{"8":2,"12":1,"16":3},"path":"/Users/pranil/Projects/TraceChain/contracts/practice/Counter.sol","s":{"1":3},"b":{},"f":{"1":2,"2":1,"3":3},"fnMap":{"1":{"name":"increment","line":7,"loc":{"start":{"line":7,"column":4},"end":{"line":9,"column":4}}},"2":{"name":"decrement","line":11,"loc":{"start":{"line":11,"column":4},"end":{"line":13,"column":4}}},"3":{"name":"getCount","line":15,"loc":{"start":{"line":15,"column":4},"end":{"line":17,"column":4}}}},"statementMap":{"1":{"start":{"line":16,"column":8},"end":{"line":16,"column":20}}},"branchMap":{}},"contracts/practice/ProductRegistry.sol":{"l":{"20":1,"24":1,"25":1,"29":1,"30":1,"32":1,"40":1,"42":1,"45":0,"46":0,"50":1,"51":1},"path":"/Users/pranil/Projects/TraceChain/contracts/practice/ProductRegistry.sol","s":{"1":1,"2":1,"3":1,"4":1,"5":0,"6":1,"7":1},"b":{"1":[1,0],"2":[1,0],"3":[0,0],"4":[0,0],"5":[1,0]},"f":{"1":1,"2":1,"3":1,"4":0,"5":1},"fnMap":{"1":{"name":"constructor","line":19,"loc":{"start":{"line":19,"column":0},"end":{"line":21,"column":0}}},"2":{"name":"onlyOwner","line":23,"loc":{"start":{"line":23,"column":0},"end":{"line":26,"column":0}}},"3":{"name":"createProduct","line":28,"loc":{"start":{"line":28,"column":0},"end":{"line":43,"column":0}}},"4":{"name":"transferOwnership","line":44,"loc":{"start":{"line":44,"column":0},"end":{"line":47,"column":0}}},"5":{"name":"getProduct","line":49,"loc":{"start":{"line":49,"column":0},"end":{"line":52,"column":0}}}},"statementMap":{"1":{"start":{"line":24,"column":4},"end":{"line":24,"column":58}},"2":{"start":{"line":29,"column":4},"end":{"line":29,"column":21}},"3":{"start":{"line":40,"column":4},"end":{"line":40,"column":45}},"4":{"start":{"line":42,"column":4},"end":{"line":42,"column":13}},"5":{"start":{"line":45,"column":4},"end":{"line":45,"column":70}},"6":{"start":{"line":50,"column":4},"end":{"line":50,"column":58}},"7":{"start":{"line":51,"column":4},"end":{"line":51,"column":23}}},"branchMap":{"1":{"line":24,"type":"if","locations":[{"start":{"line":24,"column":4},"end":{"line":24,"column":4}},{"start":{"line":24,"column":4},"end":{"line":24,"column":4}}]},"2":{"line":28,"type":"if","locations":[{"start":{"line":28,"column":72},"end":{"line":28,"column":72}},{"start":{"line":28,"column":72},"end":{"line":28,"column":72}}]},"3":{"line":44,"type":"if","locations":[{"start":{"line":44,"column":52},"end":{"line":44,"column":52}},{"start":{"line":44,"column":52},"end":{"line":44,"column":52}}]},"4":{"line":45,"type":"if","locations":[{"start":{"line":45,"column":4},"end":{"line":45,"column":4}},{"start":{"line":45,"column":4},"end":{"line":45,"column":4}}]},"5":{"line":50,"type":"if","locations":[{"start":{"line":50,"column":4},"end":{"line":50,"column":4}},{"start":{"line":50,"column":4},"end":{"line":50,"column":4}}]}}},"contracts/practice/SimpleVault.sol":{"l":{"9":0,"13":0,"15":0,"16":0,"17":0,"21":0},"path":"/Users/pranil/Projects/TraceChain/contracts/practice/SimpleVault.sol","s":{"1":0,"2":0,"3":0,"4":0},"b":{"1":[0,0],"2":[0,0]},"f":{"1":0,"2":0,"3":0},"fnMap":{"1":{"name":"deposit","line":8,"loc":{"start":{"line":8,"column":4},"end":{"line":10,"column":4}}},"2":{"name":"withdraw","line":12,"loc":{"start":{"line":12,"column":4},"end":{"line":18,"column":4}}},"3":{"name":"balanceOf","line":20,"loc":{"start":{"line":20,"column":4},"end":{"line":22,"column":4}}}},"statementMap":{"1":{"start":{"line":13,"column":8},"end":{"line":13,"column":70}},"2":{"start":{"line":16,"column":8},"end":{"line":16,"column":70}},"3":{"start":{"line":17,"column":8},"end":{"line":17,"column":42}},"4":{"start":{"line":21,"column":8},"end":{"line":21,"column":29}}},"branchMap":{"1":{"line":13,"type":"if","locations":[{"start":{"line":13,"column":8},"end":{"line":13,"column":8}},{"start":{"line":13,"column":8},"end":{"line":13,"column":8}}]},"2":{"line":17,"type":"if","locations":[{"start":{"line":17,"column":8},"end":{"line":17,"column":8}},{"start":{"line":17,"column":8},"end":{"line":17,"column":8}}]}}},"contracts/SupplyChain.sol":{"l":{"39":15,"43":12,"44":12,"45":12,"54":12,"56":12,"57":12,"63":6,"64":5,"65":4,"66":4,"67":4,"71":4,"72":3,"73":2,"74":2,"75":2,"79":3},"path":"/Users/pranil/Projects/TraceChain/contracts/SupplyChain.sol","s":{"1":15,"2":12,"3":12,"4":12,"5":12,"6":6,"7":5,"8":4,"9":4,"10":4,"11":3,"12":2,"13":2,"14":3},"b":{"1":[12,1],"2":[5,1],"3":[4,1],"4":[3,1],"5":[2,1]},"f":{"1":15,"2":12,"3":6,"4":4,"5":3},"fnMap":{"1":{"name":"constructor","line":38,"loc":{"start":{"line":38,"column":4},"end":{"line":40,"column":4}}},"2":{"name":"createProduct","line":42,"loc":{"start":{"line":42,"column":4},"end":{"line":60,"column":4}}},"3":{"name":"updateStatus","line":62,"loc":{"start":{"line":62,"column":4},"end":{"line":68,"column":4}}},"4":{"name":"transferOwnership","line":70,"loc":{"start":{"line":70,"column":4},"end":{"line":76,"column":4}}},"5":{"name":"getHistory","line":78,"loc":{"start":{"line":78,"column":4},"end":{"line":80,"column":4}}}},"statementMap":{"1":{"start":{"line":39,"column":8},"end":{"line":39,"column":49}},"2":{"start":{"line":43,"column":8},"end":{"line":43,"column":35}},"3":{"start":{"line":54,"column":8},"end":{"line":54,"column":144}},"4":{"start":{"line":56,"column":8},"end":{"line":56,"column":63}},"5":{"start":{"line":57,"column":8},"end":{"line":57,"column":24}},"6":{"start":{"line":63,"column":8},"end":{"line":63,"column":76}},"7":{"start":{"line":64,"column":8},"end":{"line":64,"column":88}},"8":{"start":{"line":66,"column":8},"end":{"line":66,"column":136}},"9":{"start":{"line":67,"column":8},"end":{"line":67,"column":67}},"10":{"start":{"line":71,"column":8},"end":{"line":71,"column":112}},"11":{"start":{"line":72,"column":8},"end":{"line":72,"column":74}},"12":{"start":{"line":73,"column":8},"end":{"line":73,"column":59}},"13":{"start":{"line":75,"column":8},"end":{"line":75,"column":64}},"14":{"start":{"line":79,"column":8},"end":{"line":79,"column":33}}},"branchMap":{"1":{"line":42,"type":"if","locations":[{"start":{"line":42,"column":65},"end":{"line":42,"column":65}},{"start":{"line":42,"column":65},"end":{"line":42,"column":65}}]},"2":{"line":63,"type":"if","locations":[{"start":{"line":63,"column":8},"end":{"line":63,"column":8}},{"start":{"line":63,"column":8},"end":{"line":63,"column":8}}]},"3":{"line":64,"type":"if","locations":[{"start":{"line":64,"column":8},"end":{"line":64,"column":8}},{"start":{"line":64,"column":8},"end":{"line":64,"column":8}}]},"4":{"line":71,"type":"if","locations":[{"start":{"line":71,"column":8},"end":{"line":71,"column":8}},{"start":{"line":71,"column":8},"end":{"line":71,"column":8}}]},"5":{"line":72,"type":"if","locations":[{"start":{"line":72,"column":8},"end":{"line":72,"column":8}},{"start":{"line":72,"column":8},"end":{"line":72,"column":8}}]}}}}