TN:
SF:/Users/pranil/Projects/TraceChain/contracts/practice/Counter.sol
FN:7,increment
FN:11,decrement
FN:15,getCount
FNF:3
FNH:3
FNDA:2,increment
FNDA:1,decrement
FNDA:3,getCount
DA:8,2
DA:12,1
DA:16,3
LF:3
LH:3
BRF:0
BRH:0
end_of_record
TN:
SF:/Users/pranil/Projects/TraceChain/contracts/practice/ProductRegistry.sol
FN:19,constructor
FN:23,onlyOwner
FN:28,createProduct
FN:44,transferOwnership
FN:49,getProduct
FNF:5
FNH:4
FNDA:1,constructor
FNDA:1,onlyOwner
FNDA:1,createProduct
FNDA:0,transferOwnership
FNDA:1,getProduct
DA:20,1
DA:24,1
DA:25,1
DA:29,1
DA:30,1
DA:32,1
DA:40,1
DA:42,1
DA:45,0
DA:46,0
DA:50,1
DA:51,1
LF:12
LH:10
BRDA:24,1,0,1
BRDA:24,1,1,0
BRDA:28,2,0,1
BRDA:28,2,1,0
BRDA:44,3,0,0
BRDA:44,3,1,0
BRDA:45,4,0,0
BRDA:45,4,1,0
BRDA:50,5,0,1
BRDA:50,5,1,0
BRF:10
BRH:3
end_of_record
TN:
SF:/Users/pranil/Projects/TraceChain/contracts/practice/SimpleVault.sol
FN:8,deposit
FN:12,withdraw
FN:20,balanceOf
FNF:3
FNH:0
FNDA:0,deposit
FNDA:0,withdraw
FNDA:0,balanceOf
DA:9,0
DA:13,0
DA:15,0
DA:16,0
DA:17,0
DA:21,0
LF:6
LH:0
BRDA:13,1,0,0
BRDA:13,1,1,0
BRDA:17,2,0,0
BRDA:17,2,1,0
BRF:4
BRH:0
end_of_record
TN:
SF:/Users/pranil/Projects/TraceChain/contracts/SupplyChain.sol
FN:38,constructor
FN:42,createProduct
FN:62,updateStatus
FN:70,transferOwnership
FN:78,getHistory
FNF:5
FNH:5
FNDA:15,constructor
FNDA:12,createProduct
FNDA:6,updateStatus
FNDA:4,transferOwnership
FNDA:3,getHistory
DA:39,15
DA:43,12
DA:44,12
DA:45,12
DA:54,12
DA:56,12
DA:57,12
DA:63,6
DA:64,5
DA:65,4
DA:66,4
DA:67,4
DA:71,4
DA:72,3
DA:73,2
DA:74,2
DA:75,2
DA:79,3
LF:18
LH:18
BRDA:42,1,0,12
BRDA:42,1,1,1
BRDA:63,2,0,5
BRDA:63,2,1,1
BRDA:64,3,0,4
BRDA:64,3,1,1
BRDA:71,4,0,3
BRDA:71,4,1,1
BRDA:72,5,0,2
BRDA:72,5,1,1
BRF:10
BRH:10
end_of_record
